<?xml version="1.0" encoding="UTF-8"?>
<testsuite xmlns:xsi="http://www.w3.org/2001/XMLSchema-instance" xsi:noNamespaceSchemaLocation="https://maven.apache.org/surefire/maven-surefire-plugin/xsd/surefire-test-report-3.0.xsd" version="3.0" name="com.example.CucumberTestRunner" time="1.144" tests="14" errors="0" skipped="0" failures="0">
  <properties>
    <property name="java.specification.version" value="21"/>
    <property name="sun.jnu.encoding" value="UTF-8"/>
    <property name="java.class.path" value="/mnt/c/Program_CDrive/AI-100x-SE-Join-Quest/target/test-classes:/mnt/c/Program_CDrive/AI-100x-SE-Join-Quest/target/classes:/home/aaronyeh/.m2/repository/io/cucumber/cucumber-java/7.14.0/cucumber-java-7.14.0.jar:/home/aaronyeh/.m2/repository/io/cucumber/cucumber-core/7.14.0/cucumber-core-7.14.0.jar:/home/aaronyeh/.m2/repository/io/cucumber/cucumber-gherkin/7.14.0/cucumber-gherkin-7.14.0.jar:/home/aaronyeh/.m2/repository/io/cucumber/cucumber-gherkin-messages/7.14.0/cucumber-gherkin-messages-7.14.0.jar:/home/aaronyeh/.m2/repository/io/cucumber/gherkin/26.2.0/gherkin-26.2.0.jar:/home/aaronyeh/.m2/repository/io/cucumber/messages/22.0.0/messages-22.0.0.jar:/home/aaronyeh/.m2/repository/io/cucumber/tag-expressions/5.0.6/tag-expressions-5.0.6.jar:/home/aaronyeh/.m2/repository/io/cucumber/cucumber-expressions/16.1.2/cucumber-expressions-16.1.2.jar:/home/aaronyeh/.m2/repository/io/cucumber/datatable/7.14.0/datatable-7.14.0.jar:/home/aaronyeh/.m2/repository/io/cucumber/cucumber-plugin/7.14.0/cucumber-plugin-7.14.0.jar:/home/aaronyeh/.m2/repository/io/cucumber/docstring/7.14.0/docstring-7.14.0.jar:/home/aaronyeh/.m2/repository/io/cucumber/html-formatter/20.4.0/html-formatter-20.4.0.jar:/home/aaronyeh/.m2/repository/io/cucumber/junit-xml-formatter/0.2.0/junit-xml-formatter-0.2.0.jar:/home/aaronyeh/.m2/repository/io/cucumber/ci-environment/9.2.0/ci-environment-9.2.0.jar:/home/aaronyeh/.m2/repository/org/apiguardian/apiguardian-api/1.1.2/apiguardian-api-1.1.2.jar:/home/aaronyeh/.m2/repository/io/cucumber/cucumber-junit-platform-engine/7.14.0/cucumber-junit-platform-engine-7.14.0.jar:/home/aaronyeh/.m2/repository/org/junit/platform/junit-platform-engine/1.10.0/junit-platform-engine-1.10.0.jar:/home/aaronyeh/.m2/repository/org/opentest4j/opentest4j/1.3.0/opentest4j-1.3.0.jar:/home/aaronyeh/.m2/repository/org/junit/platform/junit-platform-commons/1.10.0/junit-platform-commons-1.10.0.jar:/home/aaronyeh/.m2/repository/io/cucumber/cucumber-picocontainer/7.14.0/cucumber-picocontainer-7.14.0.jar:/home/aaronyeh/.m2/repository/org/picocontainer/picocontainer/2.15/picocontainer-2.15.jar:/home/aaronyeh/.m2/repository/org/junit/jupiter/junit-jupiter/5.10.0/junit-jupiter-5.10.0.jar:/home/aaronyeh/.m2/repository/org/junit/jupiter/junit-jupiter-api/5.10.0/junit-jupiter-api-5.10.0.jar:/home/aaronyeh/.m2/repository/org/junit/jupiter/junit-jupiter-params/5.10.0/junit-jupiter-params-5.10.0.jar:/home/aaronyeh/.m2/repository/org/junit/jupiter/junit-jupiter-engine/5.10.0/junit-jupiter-engine-5.10.0.jar:/home/aaronyeh/.m2/repository/org/junit/platform/junit-platform-suite/1.10.0/junit-platform-suite-1.10.0.jar:/home/aaronyeh/.m2/repository/org/junit/platform/junit-platform-suite-api/1.10.0/junit-platform-suite-api-1.10.0.jar:/home/aaronyeh/.m2/repository/org/junit/platform/junit-platform-suite-engine/1.10.0/junit-platform-suite-engine-1.10.0.jar:/home/aaronyeh/.m2/repository/org/junit/platform/junit-platform-suite-commons/1.10.0/junit-platform-suite-commons-1.10.0.jar:/home/aaronyeh/.m2/repository/org/junit/platform/junit-platform-launcher/1.10.0/junit-platform-launcher-1.10.0.jar:/home/aaronyeh/.m2/repository/org/assertj/assertj-core/3.24.2/assertj-core-3.24.2.jar:/home/aaronyeh/.m2/repository/net/bytebuddy/byte-buddy/1.12.21/byte-buddy-1.12.21.jar:"/>
    <property name="java.vm.vendor" value="Ubuntu"/>
    <property name="sun.arch.data.model" value="64"/>
    <property name="java.vendor.url" value="https://ubuntu.com/"/>
    <property name="os.name" value="Linux"/>
    <property name="java.vm.specification.version" value="21"/>
    <property name="sun.java.launcher" value="SUN_STANDARD"/>
    <property name="sun.boot.library.path" value="/usr/lib/jvm/java-21-openjdk-amd64/lib"/>
    <property name="sun.java.command" value="/mnt/c/Program_CDrive/AI-100x-SE-Join-Quest/target/surefire/surefirebooter-20250705034410205_3.jar /mnt/c/Program_CDrive/AI-100x-SE-Join-Quest/target/surefire 2025-07-05T03-44-10_014-jvmRun1 surefire-20250705034410205_1tmp surefire_0-20250705034410205_2tmp"/>
    <property name="jdk.debug" value="release"/>
    <property name="test" value="CucumberTestRunner"/>
    <property name="surefire.test.class.path" value="/mnt/c/Program_CDrive/AI-100x-SE-Join-Quest/target/test-classes:/mnt/c/Program_CDrive/AI-100x-SE-Join-Quest/target/classes:/home/aaronyeh/.m2/repository/io/cucumber/cucumber-java/7.14.0/cucumber-java-7.14.0.jar:/home/aaronyeh/.m2/repository/io/cucumber/cucumber-core/7.14.0/cucumber-core-7.14.0.jar:/home/aaronyeh/.m2/repository/io/cucumber/cucumber-gherkin/7.14.0/cucumber-gherkin-7.14.0.jar:/home/aaronyeh/.m2/repository/io/cucumber/cucumber-gherkin-messages/7.14.0/cucumber-gherkin-messages-7.14.0.jar:/home/aaronyeh/.m2/repository/io/cucumber/gherkin/26.2.0/gherkin-26.2.0.jar:/home/aaronyeh/.m2/repository/io/cucumber/messages/22.0.0/messages-22.0.0.jar:/home/aaronyeh/.m2/repository/io/cucumber/tag-expressions/5.0.6/tag-expressions-5.0.6.jar:/home/aaronyeh/.m2/repository/io/cucumber/cucumber-expressions/16.1.2/cucumber-expressions-16.1.2.jar:/home/aaronyeh/.m2/repository/io/cucumber/datatable/7.14.0/datatable-7.14.0.jar:/home/aaronyeh/.m2/repository/io/cucumber/cucumber-plugin/7.14.0/cucumber-plugin-7.14.0.jar:/home/aaronyeh/.m2/repository/io/cucumber/docstring/7.14.0/docstring-7.14.0.jar:/home/aaronyeh/.m2/repository/io/cucumber/html-formatter/20.4.0/html-formatter-20.4.0.jar:/home/aaronyeh/.m2/repository/io/cucumber/junit-xml-formatter/0.2.0/junit-xml-formatter-0.2.0.jar:/home/aaronyeh/.m2/repository/io/cucumber/ci-environment/9.2.0/ci-environment-9.2.0.jar:/home/aaronyeh/.m2/repository/org/apiguardian/apiguardian-api/1.1.2/apiguardian-api-1.1.2.jar:/home/aaronyeh/.m2/repository/io/cucumber/cucumber-junit-platform-engine/7.14.0/cucumber-junit-platform-engine-7.14.0.jar:/home/aaronyeh/.m2/repository/org/junit/platform/junit-platform-engine/1.10.0/junit-platform-engine-1.10.0.jar:/home/aaronyeh/.m2/repository/org/opentest4j/opentest4j/1.3.0/opentest4j-1.3.0.jar:/home/aaronyeh/.m2/repository/org/junit/platform/junit-platform-commons/1.10.0/junit-platform-commons-1.10.0.jar:/home/aaronyeh/.m2/repository/io/cucumber/cucumber-picocontainer/7.14.0/cucumber-picocontainer-7.14.0.jar:/home/aaronyeh/.m2/repository/org/picocontainer/picocontainer/2.15/picocontainer-2.15.jar:/home/aaronyeh/.m2/repository/org/junit/jupiter/junit-jupiter/5.10.0/junit-jupiter-5.10.0.jar:/home/aaronyeh/.m2/repository/org/junit/jupiter/junit-jupiter-api/5.10.0/junit-jupiter-api-5.10.0.jar:/home/aaronyeh/.m2/repository/org/junit/jupiter/junit-jupiter-params/5.10.0/junit-jupiter-params-5.10.0.jar:/home/aaronyeh/.m2/repository/org/junit/jupiter/junit-jupiter-engine/5.10.0/junit-jupiter-engine-5.10.0.jar:/home/aaronyeh/.m2/repository/org/junit/platform/junit-platform-suite/1.10.0/junit-platform-suite-1.10.0.jar:/home/aaronyeh/.m2/repository/org/junit/platform/junit-platform-suite-api/1.10.0/junit-platform-suite-api-1.10.0.jar:/home/aaronyeh/.m2/repository/org/junit/platform/junit-platform-suite-engine/1.10.0/junit-platform-suite-engine-1.10.0.jar:/home/aaronyeh/.m2/repository/org/junit/platform/junit-platform-suite-commons/1.10.0/junit-platform-suite-commons-1.10.0.jar:/home/aaronyeh/.m2/repository/org/junit/platform/junit-platform-launcher/1.10.0/junit-platform-launcher-1.10.0.jar:/home/aaronyeh/.m2/repository/org/assertj/assertj-core/3.24.2/assertj-core-3.24.2.jar:/home/aaronyeh/.m2/repository/net/bytebuddy/byte-buddy/1.12.21/byte-buddy-1.12.21.jar:"/>
    <property name="sun.cpu.endian" value="little"/>
    <property name="user.home" value="/home/aaronyeh"/>
    <property name="user.language" value="en"/>
    <property name="java.specification.vendor" value="Oracle Corporation"/>
    <property name="java.version.date" value="2025-04-15"/>
    <property name="java.home" value="/usr/lib/jvm/java-21-openjdk-amd64"/>
    <property name="file.separator" value="/"/>
    <property name="basedir" value="/mnt/c/Program_CDrive/AI-100x-SE-Join-Quest"/>
    <property name="java.vm.compressedOopsMode" value="32-bit"/>
    <property name="line.separator" value="&#10;"/>
    <property name="java.vm.specification.vendor" value="Oracle Corporation"/>
    <property name="java.specification.name" value="Java Platform API Specification"/>
    <property name="surefire.real.class.path" value="/mnt/c/Program_CDrive/AI-100x-SE-Join-Quest/target/surefire/surefirebooter-20250705034410205_3.jar"/>
    <property name="sun.management.compiler" value="HotSpot 64-Bit Tiered Compilers"/>
    <property name="java.runtime.version" value="21.0.7+6-Ubuntu-0ubuntu124.04"/>
    <property name="user.name" value="aaronyeh"/>
    <property name="stdout.encoding" value="UTF-8"/>
    <property name="path.separator" value=":"/>
    <property name="os.version" value="5.15.153.1-microsoft-standard-WSL2"/>
    <property name="java.runtime.name" value="OpenJDK Runtime Environment"/>
    <property name="file.encoding" value="UTF-8"/>
    <property name="java.vm.name" value="OpenJDK 64-Bit Server VM"/>
    <property name="localRepository" value="/home/aaronyeh/.m2/repository"/>
    <property name="java.vendor.url.bug" value="https://bugs.launchpad.net/ubuntu/+source/openjdk-21"/>
    <property name="java.io.tmpdir" value="/tmp"/>
    <property name="java.version" value="21.0.7"/>
    <property name="user.dir" value="/mnt/c/Program_CDrive/AI-100x-SE-Join-Quest"/>
    <property name="os.arch" value="amd64"/>
    <property name="java.vm.specification.name" value="Java Virtual Machine Specification"/>
    <property name="native.encoding" value="UTF-8"/>
    <property name="java.library.path" value="/usr/java/packages/lib:/usr/lib/x86_64-linux-gnu/jni:/lib/x86_64-linux-gnu:/usr/lib/x86_64-linux-gnu:/usr/lib/jni:/lib:/usr/lib"/>
    <property name="stderr.encoding" value="UTF-8"/>
    <property name="java.vm.info" value="mixed mode, sharing"/>
    <property name="java.vendor" value="Ubuntu"/>
    <property name="java.vm.version" value="21.0.7+6-Ubuntu-0ubuntu124.04"/>
    <property name="sun.io.unicode.encoding" value="UnicodeLittle"/>
    <property name="java.class.version" value="65.0"/>
  </properties>
  <testcase name="Single product with exactly 10 items" classname="E-commerce Order Pricing - Double 11 Promotion" time="0.756"/>
  <testcase name="Single product with 12 items - partial discount" classname="E-commerce Order Pricing - Double 11 Promotion" time="0.004"/>
  <testcase name="Single product with 27 items - multiple discount groups" classname="E-commerce Order Pricing - Double 11 Promotion" time="0.002"/>
  <testcase name="Multiple different products with 1 each - no discount" classname="E-commerce Order Pricing - Double 11 Promotion" time="0.003"/>
  <testcase name="Multiple products with different quantities" classname="E-commerce Order Pricing - Double 11 Promotion" time="0.002"/>
  <testcase name="Double 11 with threshold discount promotion" classname="E-commerce Order Pricing - Double 11 Promotion" time="0.003"/>
  <testcase name="Double 11 with buy-one-get-one promotion" classname="E-commerce Order Pricing - Double 11 Promotion" time="0.003"/>
  <testcase name="Double 11 discount calculation for expensive items" classname="E-commerce Order Pricing - Double 11 Promotion" time="0.003"/>
  <testcase name="Single product without promotions" classname="E-commerce Order Pricing Promotions" time="0.002"/>
  <testcase name="Threshold discount applies when subtotal reaches 1000" classname="E-commerce Order Pricing Promotions" time="0.002"/>
  <testcase name="Buy-one-get-one for cosmetics - multiple products" classname="E-commerce Order Pricing Promotions" time="0.002"/>
  <testcase name="Buy-one-get-one for cosmetics - same product twice" classname="E-commerce Order Pricing Promotions" time="0.002"/>
  <testcase name="Buy-one-get-one for cosmetics - mixed categories" classname="E-commerce Order Pricing Promotions" time="0.003"/>
  <testcase name="Multiple promotions stacked" classname="E-commerce Order Pricing Promotions" time="0.003"/>
</testsuite>